<?xml version="1.0" encoding="UTF-8"?>
<!-- Generated by org.testng.reporters.JUnitXMLReporter -->
<testsuite ignored="0" hostname="LAPTOP-8ANFSSC4" failures="1" tests="1" name="Default test" time="379.151" errors="0" timestamp="2022-11-29T23:14:35 IST">
  <testcase classname="io.cucumber.testng.AbstractTestNGCucumberTests" name="runScenario" time="363.069">
    <failure type="org.openqa.selenium.ElementClickInterceptedException" message="element click intercepted: Element &amp;lt;input class=&amp;quot;btn-primary btn-w-m btn&amp;quot; id=&amp;quot;btnPay&amp;quot; name=&amp;quot;btnPay&amp;quot; onclick=&amp;quot;javascript: formSubmit(event, &amp;apos;Pay&amp;apos;,document.forms[0]); &amp;quot; type=&amp;quot;button&amp;quot; value=&amp;quot;Pay&amp;quot;&amp;gt; is not clickable at point (686, 539). Other element would receive the click: &amp;lt;input class=&amp;quot;filtered-text&amp;quot; data-regex=&amp;quot;[^0-9]+&amp;quot; id=&amp;quot;payerAccountNo&amp;quot; maxlength=&amp;quot;9&amp;quot; name=&amp;quot;payerAccountNo&amp;quot; type=&amp;quot;text&amp;quot; value=&amp;quot;&amp;quot; data-val-required=&amp;quot;GEN01 : [E] Payer MCE Customer ID is required.&amp;quot; data-val=&amp;quot;true&amp;quot;&amp;gt;
  (Session info: chrome=107.0.5304.108)
Build info: version: &amp;apos;4.3.0&amp;apos;, revision: &amp;apos;a4995e2c09*&amp;apos;
System info: host: &amp;apos;LAPTOP-8ANFSSC4&amp;apos;, ip: &amp;apos;192.168.0.115&amp;apos;, os.name: &amp;apos;Windows 11&amp;apos;, os.arch: &amp;apos;amd64&amp;apos;, os.version: &amp;apos;10.0&amp;apos;, java.version: &amp;apos;17.0.3&amp;apos;
Driver info: org.openqa.selenium.chrome.ChromeDriver
Command: [bbb15aad9045d1904e8b70ae6e741c16, clickElement {id=587903b2-bcc9-497e-b64d-bdd67640c3b2}]
Capabilities {acceptInsecureCerts: false, browserName: chrome, browserVersion: 107.0.5304.108, chrome: {chromedriverVersion: 107.0.5304.62 (1eec40d3a576..., userDataDir: C:\Users\HP\AppData\Local\T...}, goog:chromeOptions: {debuggerAddress: localhost:60771}, networkConnectionEnabled: false, pageLoadStrategy: normal, platformName: WINDOWS, proxy: Proxy(), se:cdp: ws://localhost:60771/devtoo..., se:cdpVersion: 107.0.5304.108, setWindowRect: true, strictFileInteractability: false, timeouts: {implicit: 0, pageLoad: 300000, script: 30000}, unhandledPromptBehavior: dismiss and notify, webauthn:extension:credBlob: true, webauthn:extension:largeBlob: true, webauthn:virtualAuthenticators: true}
Element: [[ChromeDriver: chrome on WINDOWS (bbb15aad9045d1904e8b70ae6e741c16)] -&amp;gt; xpath: //input[@id=&amp;apos;btnPay&amp;apos;]]
Session ID: bbb15aad9045d1904e8b70ae6e741c16">
      <![CDATA[org.openqa.selenium.ElementClickInterceptedException: element click intercepted: Element <input class="btn-primary btn-w-m btn" id="btnPay" name="btnPay" onclick="javascript: formSubmit(event, 'Pay',document.forms[0]); " type="button" value="Pay"> is not clickable at point (686, 539). Other element would receive the click: <input class="filtered-text" data-regex="[^0-9]+" id="payerAccountNo" maxlength="9" name="payerAccountNo" type="text" value="" data-val-required="GEN01 : [E] Payer MCE Customer ID is required." data-val="true">
  (Session info: chrome=107.0.5304.108)
Build info: version: '4.3.0', revision: 'a4995e2c09*'
System info: host: 'LAPTOP-8ANFSSC4', ip: '192.168.0.115', os.name: 'Windows 11', os.arch: 'amd64', os.version: '10.0', java.version: '17.0.3'
Driver info: org.openqa.selenium.chrome.ChromeDriver
Command: [bbb15aad9045d1904e8b70ae6e741c16, clickElement {id=587903b2-bcc9-497e-b64d-bdd67640c3b2}]
Capabilities {acceptInsecureCerts: false, browserName: chrome, browserVersion: 107.0.5304.108, chrome: {chromedriverVersion: 107.0.5304.62 (1eec40d3a576..., userDataDir: C:\Users\HP\AppData\Local\T...}, goog:chromeOptions: {debuggerAddress: localhost:60771}, networkConnectionEnabled: false, pageLoadStrategy: normal, platformName: WINDOWS, proxy: Proxy(), se:cdp: ws://localhost:60771/devtoo..., se:cdpVersion: 107.0.5304.108, setWindowRect: true, strictFileInteractability: false, timeouts: {implicit: 0, pageLoad: 300000, script: 30000}, unhandledPromptBehavior: dismiss and notify, webauthn:extension:credBlob: true, webauthn:extension:largeBlob: true, webauthn:virtualAuthenticators: true}
Element: [[ChromeDriver: chrome on WINDOWS (bbb15aad9045d1904e8b70ae6e741c16)] -> xpath: //input[@id='btnPay']]
Session ID: bbb15aad9045d1904e8b70ae6e741c16
at java.base/jdk.internal.reflect.NativeConstructorAccessorImpl.newInstance0(Native Method)
at java.base/jdk.internal.reflect.NativeConstructorAccessorImpl.newInstance(NativeConstructorAccessorImpl.java:77)
at java.base/jdk.internal.reflect.DelegatingConstructorAccessorImpl.newInstance(DelegatingConstructorAccessorImpl.java:45)
at java.base/java.lang.reflect.Constructor.newInstanceWithCaller(Constructor.java:499)
at java.base/java.lang.reflect.Constructor.newInstance(Constructor.java:480)
at org.openqa.selenium.remote.codec.w3c.W3CHttpResponseCodec.createException(W3CHttpResponseCodec.java:200)
at org.openqa.selenium.remote.codec.w3c.W3CHttpResponseCodec.decode(W3CHttpResponseCodec.java:133)
at org.openqa.selenium.remote.codec.w3c.W3CHttpResponseCodec.decode(W3CHttpResponseCodec.java:53)
at org.openqa.selenium.remote.HttpCommandExecutor.execute(HttpCommandExecutor.java:184)
at org.openqa.selenium.remote.service.DriverCommandExecutor.invokeExecute(DriverCommandExecutor.java:167)
at org.openqa.selenium.remote.service.DriverCommandExecutor.execute(DriverCommandExecutor.java:142)
at org.openqa.selenium.remote.RemoteWebDriver.execute(RemoteWebDriver.java:569)
at org.openqa.selenium.remote.RemoteWebElement.execute(RemoteWebElement.java:257)
at org.openqa.selenium.remote.RemoteWebElement.click(RemoteWebElement.java:78)
at jdk.internal.reflect.GeneratedMethodAccessor73.invoke(Unknown Source)
at java.base/jdk.internal.reflect.DelegatingMethodAccessorImpl.invoke(DelegatingMethodAccessorImpl.java:43)
at java.base/java.lang.reflect.Method.invoke(Method.java:568)
at org.openqa.selenium.support.pagefactory.internal.LocatingElementHandler.invoke(LocatingElementHandler.java:52)
at jdk.proxy2/jdk.proxy2.$Proxy32.click(Unknown Source)
at com.celtic.automation.cmcs.util.ElementUtil.clickElement(ElementUtil.java:337)
at com.celtic.automation.cmcs.pages.Payment.clickPayNow(Payment.java:132)
at com.celtic.automation.cmcs.parallel.RWC001.user_will_navigate_to_payment_tab_and_fill_the_requirement(RWC001.java:1136)
at ✽.User will navigate to payment tab and fill the requirement(file:///C:/Users/HP/Downloads/celtic-main(3)/celtic-main/src/test/resources/parallel/RWC001.feature:17)
]]>
    </failure>
  </testcase> <!-- runScenario -->
</testsuite> <!-- Default test -->
