<?xml version="1.0" encoding="UTF-8"?>
<testng-results ignored="0" total="3" passed="3" failed="0" skipped="0">
  <reporter-output>
  </reporter-output>
  <suite started-at="2023-01-24T11:35:24 IST" name="Default suite" finished-at="2023-01-24T12:09:24 IST" duration-ms="2039717">
    <groups>
      <group name="cucumber">
        <method signature="AbstractTestNGCucumberTests.runScenario(io.cucumber.testng.PickleWrapper,io.cucumber.testng.FeatureWrapper)[pri:0, instance:com.celtic.automation.cmcs.testrunner.MyTestRunner@74e52ef6]" name="runScenario" class="io.cucumber.testng.AbstractTestNGCucumberTests"/>
      </group> <!-- cucumber -->
    </groups>
    <test started-at="2023-01-24T11:35:24 IST" name="Default test" finished-at="2023-01-24T12:09:24 IST" duration-ms="2039717">
      <class name="com.celtic.automation.cmcs.testrunner.MyTestRunner">
        <test-method is-config="true" signature="setUpClass(org.testng.ITestContext)[pri:0, instance:com.celtic.automation.cmcs.testrunner.MyTestRunner@74e52ef6]" started-at="2023-01-24T11:35:24 IST" name="setUpClass" finished-at="2023-01-24T11:35:27 IST" duration-ms="2961" status="PASS">
          <params>
            <param index="0">
              <value>
                <![CDATA[org.testng.TestRunner@1c8ed2f8]]>
              </value>
            </param>
          </params>
          <reporter-output>
          </reporter-output>
        </test-method> <!-- setUpClass -->
        <test-method signature="runScenario(io.cucumber.testng.PickleWrapper,io.cucumber.testng.FeatureWrapper)[pri:0, instance:com.celtic.automation.cmcs.testrunner.MyTestRunner@74e52ef6]" started-at="2023-01-24T11:35:27 IST" name="runScenario" description="Runs Cucumber Scenarios" data-provider="scenarios" finished-at="2023-01-24T11:47:45 IST" duration-ms="737827" status="PASS">
          <params>
            <param index="0">
              <value>
                <![CDATA["IRP Renew fleet chrome"]]>
              </value>
            </param>
            <param index="1">
              <value>
                <![CDATA["Renew Fleet feature"]]>
              </value>
            </param>
          </params>
          <reporter-output>
          </reporter-output>
        </test-method> <!-- runScenario -->
        <test-method signature="runScenario(io.cucumber.testng.PickleWrapper,io.cucumber.testng.FeatureWrapper)[pri:0, instance:com.celtic.automation.cmcs.testrunner.MyTestRunner@74e52ef6]" started-at="2023-01-24T11:47:45 IST" name="runScenario" description="Runs Cucumber Scenarios" data-provider="scenarios" finished-at="2023-01-24T12:00:21 IST" duration-ms="756025" status="PASS">
          <params>
            <param index="0">
              <value>
                <![CDATA["Renew with Reinstate chrome"]]>
              </value>
            </param>
            <param index="1">
              <value>
                <![CDATA["Renewal after Reinstatement"]]>
              </value>
            </param>
          </params>
          <reporter-output>
          </reporter-output>
        </test-method> <!-- runScenario -->
        <test-method signature="runScenario(io.cucumber.testng.PickleWrapper,io.cucumber.testng.FeatureWrapper)[pri:0, instance:com.celtic.automation.cmcs.testrunner.MyTestRunner@74e52ef6]" started-at="2023-01-24T12:00:21 IST" name="runScenario" description="Runs Cucumber Scenarios" data-provider="scenarios" finished-at="2023-01-24T12:08:47 IST" duration-ms="505905" status="PASS">
          <params>
            <param index="0">
              <value>
                <![CDATA["Straight Renewal of the fleet which is about to expire edge"]]>
              </value>
            </param>
            <param index="1">
              <value>
                <![CDATA["Straight Renewal Fleet which is about to expire"]]>
              </value>
            </param>
          </params>
          <reporter-output>
          </reporter-output>
        </test-method> <!-- runScenario -->
        <test-method is-config="true" signature="tearDownClass()[pri:0, instance:com.celtic.automation.cmcs.testrunner.MyTestRunner@74e52ef6]" started-at="2023-01-24T12:08:47 IST" name="tearDownClass" finished-at="2023-01-24T12:09:24 IST" duration-ms="36916" status="PASS">
          <reporter-output>
          </reporter-output>
        </test-method> <!-- tearDownClass -->
      </class> <!-- com.celtic.automation.cmcs.testrunner.MyTestRunner -->
    </test> <!-- Default test -->
  </suite> <!-- Default suite -->
</testng-results>
