<?xml version="1.0" encoding="UTF-8"?>
<testng-results ignored="0" total="1" passed="0" failed="1" skipped="0">
  <reporter-output>
  </reporter-output>
  <suite started-at="2022-11-30T19:07:08 IST" name="Default suite" finished-at="2022-11-30T19:09:47 IST" duration-ms="159112">
    <groups>
      <group name="cucumber">
        <method signature="AbstractTestNGCucumberTests.runScenario(io.cucumber.testng.PickleWrapper,io.cucumber.testng.FeatureWrapper)[pri:0, instance:com.celtic.automation.cmcs.testrunner.MyTestRunner@231f98ef]" name="runScenario" class="io.cucumber.testng.AbstractTestNGCucumberTests"/>
      </group> <!-- cucumber -->
    </groups>
    <test started-at="2022-11-30T19:07:08 IST" name="Default test" finished-at="2022-11-30T19:09:47 IST" duration-ms="159112">
      <class name="com.celtic.automation.cmcs.testrunner.MyTestRunner">
        <test-method is-config="true" signature="setUpClass(org.testng.ITestContext)[pri:0, instance:com.celtic.automation.cmcs.testrunner.MyTestRunner@231f98ef]" started-at="2022-11-30T19:07:08 IST" name="setUpClass" finished-at="2022-11-30T19:07:08 IST" duration-ms="742" status="PASS">
          <params>
            <param index="0">
              <value>
                <![CDATA[org.testng.TestRunner@43cc840b]]>
              </value>
            </param>
          </params>
          <reporter-output>
          </reporter-output>
        </test-method> <!-- setUpClass -->
        <test-method signature="runScenario(io.cucumber.testng.PickleWrapper,io.cucumber.testng.FeatureWrapper)[pri:0, instance:com.celtic.automation.cmcs.testrunner.MyTestRunner@231f98ef]" started-at="2022-11-30T19:07:09 IST" name="runScenario" description="Runs Cucumber Scenarios" data-provider="scenarios" finished-at="2022-11-30T19:09:41 IST" duration-ms="152122" status="FAIL">
          <params>
            <param index="0">
              <value>
                <![CDATA["IRP Renew fleet chrome"]]>
              </value>
            </param>
            <param index="1">
              <value>
                <![CDATA["Renew Fleet feature"]]>
              </value>
            </param>
          </params>
          <exception class="org.openqa.selenium.ElementClickInterceptedException">
            <message>
              <![CDATA[element click intercepted: Element <input class="btn-primary btn-w-m btn" id="btnProceed" name="btnProceed" onclick="javascript: formSubmit(event, 'Proceed',document.forms[0]); " type="button" value="Proceed" accesskey="p" title="Alt + P"> is not clickable at point (686, 540). Other element would receive the click: <td class="AlignRight">...</td>
  (Session info: chrome=108.0.5359.71)
Build info: version: '4.3.0', revision: 'a4995e2c09*'
System info: host: 'LAPTOP-8ANFSSC4', ip: '192.168.0.115', os.name: 'Windows 11', os.arch: 'amd64', os.version: '10.0', java.version: '17.0.3'
Driver info: org.openqa.selenium.chrome.ChromeDriver
Command: [9b186b8fc8fc7eeb71f4f89533559ca1, clickElement {id=7e6e701c-6ac0-4cd5-a698-4fc1e7efabb0}]
Capabilities {acceptInsecureCerts: false, browserName: chrome, browserVersion: 108.0.5359.71, chrome: {chromedriverVersion: 108.0.5359.71 (1e0e3868ee06..., userDataDir: C:\Users\HP\AppData\Local\T...}, goog:chromeOptions: {debuggerAddress: localhost:58411}, networkConnectionEnabled: false, pageLoadStrategy: normal, platformName: WINDOWS, proxy: Proxy(), se:cdp: ws://localhost:58411/devtoo..., se:cdpVersion: 108.0.5359.71, setWindowRect: true, strictFileInteractability: false, timeouts: {implicit: 0, pageLoad: 300000, script: 30000}, unhandledPromptBehavior: dismiss and notify, webauthn:extension:credBlob: true, webauthn:extension:largeBlob: true, webauthn:virtualAuthenticators: true}
Element: [[ChromeDriver: chrome on WINDOWS (9b186b8fc8fc7eeb71f4f89533559ca1)] -> xpath: //input[@id='btnProceed']]
Session ID: 9b186b8fc8fc7eeb71f4f89533559ca1]]>
            </message>
            <full-stacktrace>
              <![CDATA[org.openqa.selenium.ElementClickInterceptedException: element click intercepted: Element <input class="btn-primary btn-w-m btn" id="btnProceed" name="btnProceed" onclick="javascript: formSubmit(event, 'Proceed',document.forms[0]); " type="button" value="Proceed" accesskey="p" title="Alt + P"> is not clickable at point (686, 540). Other element would receive the click: <td class="AlignRight">...</td>
  (Session info: chrome=108.0.5359.71)
Build info: version: '4.3.0', revision: 'a4995e2c09*'
System info: host: 'LAPTOP-8ANFSSC4', ip: '192.168.0.115', os.name: 'Windows 11', os.arch: 'amd64', os.version: '10.0', java.version: '17.0.3'
Driver info: org.openqa.selenium.chrome.ChromeDriver
Command: [9b186b8fc8fc7eeb71f4f89533559ca1, clickElement {id=7e6e701c-6ac0-4cd5-a698-4fc1e7efabb0}]
Capabilities {acceptInsecureCerts: false, browserName: chrome, browserVersion: 108.0.5359.71, chrome: {chromedriverVersion: 108.0.5359.71 (1e0e3868ee06..., userDataDir: C:\Users\HP\AppData\Local\T...}, goog:chromeOptions: {debuggerAddress: localhost:58411}, networkConnectionEnabled: false, pageLoadStrategy: normal, platformName: WINDOWS, proxy: Proxy(), se:cdp: ws://localhost:58411/devtoo..., se:cdpVersion: 108.0.5359.71, setWindowRect: true, strictFileInteractability: false, timeouts: {implicit: 0, pageLoad: 300000, script: 30000}, unhandledPromptBehavior: dismiss and notify, webauthn:extension:credBlob: true, webauthn:extension:largeBlob: true, webauthn:virtualAuthenticators: true}
Element: [[ChromeDriver: chrome on WINDOWS (9b186b8fc8fc7eeb71f4f89533559ca1)] -> xpath: //input[@id='btnProceed']]
Session ID: 9b186b8fc8fc7eeb71f4f89533559ca1
at java.base/jdk.internal.reflect.NativeConstructorAccessorImpl.newInstance0(Native Method)
at java.base/jdk.internal.reflect.NativeConstructorAccessorImpl.newInstance(NativeConstructorAccessorImpl.java:77)
at java.base/jdk.internal.reflect.DelegatingConstructorAccessorImpl.newInstance(DelegatingConstructorAccessorImpl.java:45)
at java.base/java.lang.reflect.Constructor.newInstanceWithCaller(Constructor.java:499)
at java.base/java.lang.reflect.Constructor.newInstance(Constructor.java:480)
at org.openqa.selenium.remote.codec.w3c.W3CHttpResponseCodec.createException(W3CHttpResponseCodec.java:200)
at org.openqa.selenium.remote.codec.w3c.W3CHttpResponseCodec.decode(W3CHttpResponseCodec.java:133)
at org.openqa.selenium.remote.codec.w3c.W3CHttpResponseCodec.decode(W3CHttpResponseCodec.java:53)
at org.openqa.selenium.remote.HttpCommandExecutor.execute(HttpCommandExecutor.java:184)
at org.openqa.selenium.remote.service.DriverCommandExecutor.invokeExecute(DriverCommandExecutor.java:167)
at org.openqa.selenium.remote.service.DriverCommandExecutor.execute(DriverCommandExecutor.java:142)
at org.openqa.selenium.remote.RemoteWebDriver.execute(RemoteWebDriver.java:569)
at org.openqa.selenium.remote.RemoteWebElement.execute(RemoteWebElement.java:257)
at org.openqa.selenium.remote.RemoteWebElement.click(RemoteWebElement.java:78)
at jdk.internal.reflect.GeneratedMethodAccessor73.invoke(Unknown Source)
at java.base/jdk.internal.reflect.DelegatingMethodAccessorImpl.invoke(DelegatingMethodAccessorImpl.java:43)
at java.base/java.lang.reflect.Method.invoke(Method.java:568)
at org.openqa.selenium.support.pagefactory.internal.LocatingElementHandler.invoke(LocatingElementHandler.java:52)
at jdk.proxy2/jdk.proxy2.$Proxy32.click(Unknown Source)
at com.celtic.automation.cmcs.util.ElementUtil.clickElement(ElementUtil.java:337)
at com.celtic.automation.cmcs.pages.CommonObjects.clickProceed(CommonObjects.java:136)
at com.celtic.automation.cmcs.parallel.RWC001.user_will_navigate_to_weight_group_section_and_fill_the_data_ans_validate_message(RWC001.java:485)
at ✽.User will navigate to Weight group section and fill the data ans validate message "IRPMLG13 : [I] Renewal Distance has been generated."(file:///C:/Users/HP/Downloads/celtic-main(3)/celtic-main/src/test/resources/parallel/RWC001.feature:10)
]]>
            </full-stacktrace>
          </exception> <!-- org.openqa.selenium.ElementClickInterceptedException -->
          <reporter-output>
          </reporter-output>
        </test-method> <!-- runScenario -->
        <test-method is-config="true" signature="tearDownClass()[pri:0, instance:com.celtic.automation.cmcs.testrunner.MyTestRunner@231f98ef]" started-at="2022-11-30T19:09:41 IST" name="tearDownClass" finished-at="2022-11-30T19:09:47 IST" duration-ms="6222" status="PASS">
          <reporter-output>
          </reporter-output>
        </test-method> <!-- tearDownClass -->
      </class> <!-- com.celtic.automation.cmcs.testrunner.MyTestRunner -->
    </test> <!-- Default test -->
  </suite> <!-- Default suite -->
</testng-results>
